[debug] [2026-02-23T12:59:41.742Z] ----------------------------------------------------------------------
[debug] [2026-02-23T12:59:41.749Z] Command:       C:\nvm4w\nodejs\node.exe C:\Users\hp\AppData\Roaming\npm\node_modules\firebase-tools\lib\bin\firebase.js deploy --only hosting
[debug] [2026-02-23T12:59:41.750Z] CLI Version:   15.6.0
[debug] [2026-02-23T12:59:41.751Z] Platform:      win32
[debug] [2026-02-23T12:59:41.751Z] Node Version:  v24.13.0
[debug] [2026-02-23T12:59:41.751Z] Time:          Mon Feb 23 2026 18:29:41 GMT+0530 (India Standard Time)
[debug] [2026-02-23T12:59:41.751Z] ----------------------------------------------------------------------
[debug] 
[debug] [2026-02-23T12:59:45.850Z] > command requires scopes: ["email","openid","https://www.googleapis.com/auth/cloudplatformprojects.readonly","https://www.googleapis.com/auth/firebase","https://www.googleapis.com/auth/cloud-platform"]
[debug] [2026-02-23T12:59:45.850Z] > authorizing via signed-in user (webquixlabs@gmail.com)
[debug] [2026-02-23T12:59:45.851Z] [iam] checking project bodylabsgym for permissions ["firebase.projects.get","firebasehosting.sites.update"]
[debug] [2026-02-23T12:59:45.853Z] Checked if tokens are valid: true, expires at: 1771853360547
[debug] [2026-02-23T12:59:45.853Z] Checked if tokens are valid: true, expires at: 1771853360547
[debug] [2026-02-23T12:59:45.855Z] >>> [apiv2][query] POST https://cloudresourcemanager.googleapis.com/v1/projects/bodylabsgym:testIamPermissions [none]
[debug] [2026-02-23T12:59:45.856Z] >>> [apiv2][(partial)header] POST https://cloudresourcemanager.googleapis.com/v1/projects/bodylabsgym:testIamPermissions  x-goog-user-project=bodylabsgym
[debug] [2026-02-23T12:59:45.856Z] >>> [apiv2][body] POST https://cloudresourcemanager.googleapis.com/v1/projects/bodylabsgym:testIamPermissions {"permissions":["firebase.projects.get","firebasehosting.sites.update"]}
[debug] [2026-02-23T12:59:48.644Z] <<< [apiv2][status] POST https://cloudresourcemanager.googleapis.com/v1/projects/bodylabsgym:testIamPermissions 200
[debug] [2026-02-23T12:59:48.644Z] <<< [apiv2][body] POST https://cloudresourcemanager.googleapis.com/v1/projects/bodylabsgym:testIamPermissions {"permissions":["firebase.projects.get","firebasehosting.sites.update"]}
[debug] [2026-02-23T12:59:48.646Z] Checked if tokens are valid: true, expires at: 1771853360547
[debug] [2026-02-23T12:59:48.646Z] Checked if tokens are valid: true, expires at: 1771853360547
[debug] [2026-02-23T12:59:48.646Z] >>> [apiv2][query] GET https://firebase.googleapis.com/v1beta1/projects/bodylabsgym [none]
[debug] [2026-02-23T12:59:49.890Z] <<< [apiv2][status] GET https://firebase.googleapis.com/v1beta1/projects/bodylabsgym 200
[debug] [2026-02-23T12:59:49.890Z] <<< [apiv2][body] GET https://firebase.googleapis.com/v1beta1/projects/bodylabsgym {"projectId":"bodylabsgym","projectNumber":"77610220890","displayName":"Body Lab gym","name":"projects/bodylabsgym","resources":{"hostingSite":"bodylabsgym"},"state":"ACTIVE","etag":"1_1191405b-4f59-4675-9815-ff0bc715a4fc"}
[info] 
   Thank you for trying our early preview of Next.js support on Firebase Hosting.
   During the preview, support is best-effort and breaking changes can be expected. Proceed with caution.

   Documentation: https://firebase.google.com/docs/hosting/frameworks/nextjs
   File a bug: https://github.com/firebase/firebase-tools/issues/new?template=bug_report.md
   Submit a feature request: https://github.com/firebase/firebase-tools/issues/new?template=feature_request.md

   We'd love to learn from you. Express your interest in helping us shape the future of Firebase Hosting: https://goo.gle/41enW5X

[debug] [2026-02-23T13:00:10.335Z] Checked if tokens are valid: true, expires at: 1771853360547
[debug] [2026-02-23T13:00:10.336Z] Checked if tokens are valid: true, expires at: 1771853360547
[debug] [2026-02-23T13:00:10.336Z] >>> [apiv2][query] GET https://firebasehosting.googleapis.com/v1beta1/projects/bodylabsgym/sites/bodylabsgym [none]
[debug] [2026-02-23T13:00:12.629Z] <<< [apiv2][status] GET https://firebasehosting.googleapis.com/v1beta1/projects/bodylabsgym/sites/bodylabsgym 200
[debug] [2026-02-23T13:00:12.630Z] <<< [apiv2][body] GET https://firebasehosting.googleapis.com/v1beta1/projects/bodylabsgym/sites/bodylabsgym {"name":"projects/bodylabsgym/sites/bodylabsgym","defaultUrl":"https://bodylabsgym.web.app","appId":"1:77610220890:web:7124d8f56355d3eedac763","type":"DEFAULT_SITE"}
[info]   ▲ Next.js 14.2.35

[info] 

[info]    Creating an optimized production build ...

[info]  ✓ Compiled successfully

[info]    Linting and checking validity of types ...

[info]    Collecting page data ...

[info] PageNotFoundError: Cannot find module for page: /_not-found
    at getPagePath (C:\Users\hp\OneDrive\Desktop\bodylabgym\node_modules\next\dist\server\require.js:94:15)
    at requirePage (C:\Users\hp\OneDrive\Desktop\bodylabgym\node_modules\next\dist\server\require.js:99:22)
    at C:\Users\hp\OneDrive\Desktop\bodylabgym\node_modules\next\dist\server\load-components.js:103:84
    at process.processTicksAndRejections (node:internal/process/task_queues:103:5)
    at async loadComponentsImpl (C:\Users\hp\OneDrive\Desktop\bodylabgym\node_modules\next\dist\server\load-components.js:103:26)
    at async C:\Users\hp\OneDrive\Desktop\bodylabgym\node_modules\next\dist\build\utils.js:1116:32
    at async Span.traceAsyncFn (C:\Users\hp\OneDrive\Desktop\bodylabgym\node_modules\next\dist\trace\trace.js:154:20) {
  code: 'ENOENT'
}

[info] 

[info] > Build error occurred
Error: Failed to collect page data for /_not-found
    at C:\Users\hp\OneDrive\Desktop\bodylabgym\node_modules\next\dist\build\utils.js:1269:15
    at process.processTicksAndRejections (node:internal/process/task_queues:103:5) {
  type: 'Error'
}

[debug] [2026-02-23T13:00:42.393Z] Error: ENOENT: no such file or directory, open 'C:\Users\hp\OneDrive\Desktop\bodylabgym\.next\export-marker.json'
[error] 
[error] Error: An unexpected error has occurred.
